Analysis & Synthesis report for LANcomputadores
Thu Jun 04 22:13:04 2020
Quartus II 64-Bit Version 15.0.0 Build 145 04/22/2015 Patches 0.01we SJ Web Edition


---------------------
; Table of Contents ;
---------------------
  1. Legal Notice
  2. Analysis & Synthesis Summary
  3. Analysis & Synthesis Settings
  4. Parallel Compilation
  5. Analysis & Synthesis Source Files Read
  6. Analysis & Synthesis Resource Usage Summary
  7. Analysis & Synthesis Resource Utilization by Entity
  8. State Machine - |lancomputadores|presentStatePC3
  9. State Machine - |lancomputadores|presentStatePC2
 10. State Machine - |lancomputadores|presentState
 11. User-Specified and Inferred Latches
 12. General Register Statistics
 13. Post-Synthesis Netlist Statistics for Top Partition
 14. Elapsed Time Per Partition
 15. Analysis & Synthesis Messages



----------------
; Legal Notice ;
----------------
Copyright (C) 1991-2015 Altera Corporation. All rights reserved.
Your use of Altera Corporation's design tools, logic functions 
and other software and tools, and its AMPP partner logic 
functions, and any output files from any of the foregoing 
(including device programming or simulation files), and any 
associated documentation or information are expressly subject 
to the terms and conditions of the Altera Program License 
Subscription Agreement, the Altera Quartus II License Agreement,
the Altera MegaCore Function License Agreement, or other 
applicable license agreement, including, without limitation, 
that your use is for the sole purpose of programming logic 
devices manufactured by Altera and sold by Altera or its 
authorized distributors.  Please refer to the applicable 
agreement for further details.



+---------------------------------------------------------------------------------------------+
; Analysis & Synthesis Summary                                                                ;
+---------------------------------+-----------------------------------------------------------+
; Analysis & Synthesis Status     ; Successful - Thu Jun 04 22:13:04 2020                     ;
; Quartus II 64-Bit Version       ; 15.0.0 Build 145 04/22/2015 Patches 0.01we SJ Web Edition ;
; Revision Name                   ; LANcomputadores                                           ;
; Top-level Entity Name           ; lancomputadores                                           ;
; Family                          ; Cyclone V                                                 ;
; Logic utilization (in ALMs)     ; N/A                                                       ;
; Total registers                 ; 12                                                        ;
; Total pins                      ; 22                                                        ;
; Total virtual pins              ; 0                                                         ;
; Total block memory bits         ; 0                                                         ;
; Total DSP Blocks                ; 0                                                         ;
; Total HSSI RX PCSs              ; 0                                                         ;
; Total HSSI PMA RX Deserializers ; 0                                                         ;
; Total HSSI TX PCSs              ; 0                                                         ;
; Total HSSI PMA TX Serializers   ; 0                                                         ;
; Total PLLs                      ; 0                                                         ;
; Total DLLs                      ; 0                                                         ;
+---------------------------------+-----------------------------------------------------------+


+---------------------------------------------------------------------------------------------------------------------------+
; Analysis & Synthesis Settings                                                                                             ;
+---------------------------------------------------------------------------------+--------------------+--------------------+
; Option                                                                          ; Setting            ; Default Value      ;
+---------------------------------------------------------------------------------+--------------------+--------------------+
; Device                                                                          ; 5CGXFC7C7F23C8     ;                    ;
; Top-level entity name                                                           ; LANcomputadores    ; LANcomputadores    ;
; Family name                                                                     ; Cyclone V          ; Cyclone V          ;
; Use smart compilation                                                           ; Off                ; Off                ;
; Enable parallel Assembler and TimeQuest Timing Analyzer during compilation      ; On                 ; On                 ;
; Enable compact report table                                                     ; Off                ; Off                ;
; Restructure Multiplexers                                                        ; Auto               ; Auto               ;
; MLAB Add Timing Constraints For Mixed-Port Feed-Through Mode Setting Don't Care ; Off                ; Off                ;
; Create Debugging Nodes for IP Cores                                             ; Off                ; Off                ;
; Preserve fewer node names                                                       ; On                 ; On                 ;
; Disable OpenCore Plus hardware evaluation                                       ; Off                ; Off                ;
; Verilog Version                                                                 ; Verilog_2001       ; Verilog_2001       ;
; VHDL Version                                                                    ; VHDL_1993          ; VHDL_1993          ;
; State Machine Processing                                                        ; Auto               ; Auto               ;
; Safe State Machine                                                              ; Off                ; Off                ;
; Extract Verilog State Machines                                                  ; On                 ; On                 ;
; Extract VHDL State Machines                                                     ; On                 ; On                 ;
; Ignore Verilog initial constructs                                               ; Off                ; Off                ;
; Iteration limit for constant Verilog loops                                      ; 5000               ; 5000               ;
; Iteration limit for non-constant Verilog loops                                  ; 250                ; 250                ;
; Add Pass-Through Logic to Inferred RAMs                                         ; On                 ; On                 ;
; Infer RAMs from Raw Logic                                                       ; On                 ; On                 ;
; Parallel Synthesis                                                              ; On                 ; On                 ;
; DSP Block Balancing                                                             ; Auto               ; Auto               ;
; NOT Gate Push-Back                                                              ; On                 ; On                 ;
; Power-Up Don't Care                                                             ; On                 ; On                 ;
; Remove Redundant Logic Cells                                                    ; Off                ; Off                ;
; Remove Duplicate Registers                                                      ; On                 ; On                 ;
; Ignore CARRY Buffers                                                            ; Off                ; Off                ;
; Ignore CASCADE Buffers                                                          ; Off                ; Off                ;
; Ignore GLOBAL Buffers                                                           ; Off                ; Off                ;
; Ignore ROW GLOBAL Buffers                                                       ; Off                ; Off                ;
; Ignore LCELL Buffers                                                            ; Off                ; Off                ;
; Ignore SOFT Buffers                                                             ; On                 ; On                 ;
; Limit AHDL Integers to 32 Bits                                                  ; Off                ; Off                ;
; Optimization Technique                                                          ; Balanced           ; Balanced           ;
; Carry Chain Length                                                              ; 70                 ; 70                 ;
; Auto Carry Chains                                                               ; On                 ; On                 ;
; Auto Open-Drain Pins                                                            ; On                 ; On                 ;
; Perform WYSIWYG Primitive Resynthesis                                           ; Off                ; Off                ;
; Auto ROM Replacement                                                            ; On                 ; On                 ;
; Auto RAM Replacement                                                            ; On                 ; On                 ;
; Auto DSP Block Replacement                                                      ; On                 ; On                 ;
; Auto Shift Register Replacement                                                 ; Auto               ; Auto               ;
; Allow Shift Register Merging across Hierarchies                                 ; Auto               ; Auto               ;
; Auto Clock Enable Replacement                                                   ; On                 ; On                 ;
; Strict RAM Replacement                                                          ; Off                ; Off                ;
; Allow Synchronous Control Signals                                               ; On                 ; On                 ;
; Force Use of Synchronous Clear Signals                                          ; Off                ; Off                ;
; Auto Resource Sharing                                                           ; Off                ; Off                ;
; Allow Any RAM Size For Recognition                                              ; Off                ; Off                ;
; Allow Any ROM Size For Recognition                                              ; Off                ; Off                ;
; Allow Any Shift Register Size For Recognition                                   ; Off                ; Off                ;
; Use LogicLock Constraints during Resource Balancing                             ; On                 ; On                 ;
; Ignore translate_off and synthesis_off directives                               ; Off                ; Off                ;
; Timing-Driven Synthesis                                                         ; On                 ; On                 ;
; Report Parameter Settings                                                       ; On                 ; On                 ;
; Report Source Assignments                                                       ; On                 ; On                 ;
; Report Connectivity Checks                                                      ; On                 ; On                 ;
; Ignore Maximum Fan-Out Assignments                                              ; Off                ; Off                ;
; Synchronization Register Chain Length                                           ; 3                  ; 3                  ;
; PowerPlay Power Optimization During Synthesis                                   ; Normal compilation ; Normal compilation ;
; HDL message level                                                               ; Level2             ; Level2             ;
; Suppress Register Optimization Related Messages                                 ; Off                ; Off                ;
; Number of Removed Registers Reported in Synthesis Report                        ; 5000               ; 5000               ;
; Number of Swept Nodes Reported in Synthesis Report                              ; 5000               ; 5000               ;
; Number of Inverted Registers Reported in Synthesis Report                       ; 100                ; 100                ;
; Clock MUX Protection                                                            ; On                 ; On                 ;
; Auto Gated Clock Conversion                                                     ; Off                ; Off                ;
; Block Design Naming                                                             ; Auto               ; Auto               ;
; SDC constraint protection                                                       ; Off                ; Off                ;
; Synthesis Effort                                                                ; Auto               ; Auto               ;
; Shift Register Replacement - Allow Asynchronous Clear Signal                    ; On                 ; On                 ;
; Pre-Mapping Resynthesis Optimization                                            ; Off                ; Off                ;
; Analysis & Synthesis Message Level                                              ; Medium             ; Medium             ;
; Disable Register Merging Across Hierarchies                                     ; Auto               ; Auto               ;
; Resource Aware Inference For Block RAM                                          ; On                 ; On                 ;
; Synthesis Seed                                                                  ; 1                  ; 1                  ;
; Automatic Parallel Synthesis                                                    ; On                 ; On                 ;
; Partial Reconfiguration Bitstream ID                                            ; Off                ; Off                ;
+---------------------------------------------------------------------------------+--------------------+--------------------+


Parallel compilation was disabled, but you have multiple processors available. Enable parallel compilation to reduce compilation time.
+-------------------------------------+
; Parallel Compilation                ;
+----------------------------+--------+
; Processors                 ; Number ;
+----------------------------+--------+
; Number detected on machine ; 4      ;
; Maximum allowed            ; 1      ;
+----------------------------+--------+


+----------------------------------------------------------------------------------------------------------------------------------------------------+
; Analysis & Synthesis Source Files Read                                                                                                             ;
+----------------------------------+-----------------+-----------------+-------------------------------------------------------------------+---------+
; File Name with User-Entered Path ; Used in Netlist ; File Type       ; File Name with Absolute Path                                      ; Library ;
+----------------------------------+-----------------+-----------------+-------------------------------------------------------------------+---------+
; LANcomputadores.vhd              ; yes             ; User VHDL File  ; C:/altera/15.0/PSD_Exercicios/LANcomputadores/LANcomputadores.vhd ;         ;
+----------------------------------+-----------------+-----------------+-------------------------------------------------------------------+---------+


+---------------------------------------------------------+
; Analysis & Synthesis Resource Usage Summary             ;
+---------------------------------------------+-----------+
; Resource                                    ; Usage     ;
+---------------------------------------------+-----------+
; Estimate of Logic utilization (ALMs needed) ; 14        ;
;                                             ;           ;
; Combinational ALUT usage for logic          ; 27        ;
;     -- 7 input functions                    ; 0         ;
;     -- 6 input functions                    ; 0         ;
;     -- 5 input functions                    ; 3         ;
;     -- 4 input functions                    ; 3         ;
;     -- <=3 input functions                  ; 21        ;
;                                             ;           ;
; Dedicated logic registers                   ; 12        ;
;                                             ;           ;
; I/O pins                                    ; 22        ;
;                                             ;           ;
; Total DSP Blocks                            ; 0         ;
;                                             ;           ;
; Maximum fan-out node                        ; clk~input ;
; Maximum fan-out                             ; 12        ;
; Total fan-out                               ; 136       ;
; Average fan-out                             ; 1.64      ;
+---------------------------------------------+-----------+


+-----------------------------------------------------------------------------------------------------------------------------------------------------------+
; Analysis & Synthesis Resource Utilization by Entity                                                                                                       ;
+----------------------------+-------------------+--------------+-------------------+------------+------+--------------+---------------------+--------------+
; Compilation Hierarchy Node ; LC Combinationals ; LC Registers ; Block Memory Bits ; DSP Blocks ; Pins ; Virtual Pins ; Full Hierarchy Name ; Library Name ;
+----------------------------+-------------------+--------------+-------------------+------------+------+--------------+---------------------+--------------+
; |lancomputadores           ; 27 (27)           ; 12 (12)      ; 0                 ; 0          ; 22   ; 0            ; |lancomputadores    ; work         ;
+----------------------------+-------------------+--------------+-------------------+------------+------+--------------+---------------------+--------------+
Note: For table entries with two numbers listed, the numbers in parentheses indicate the number of resources of the given type used by the specific entity alone. The numbers listed outside of parentheses indicate the total resources of the given type used by the specific entity and all of its sub-entities in the hierarchy.


Encoding Type:  One-Hot
+---------------------------------------------------------------------------------------------------+
; State Machine - |lancomputadores|presentStatePC3                                                  ;
+-------------------+-------------------+-------------------+-------------------+-------------------+
; Name              ; presentStatePC3.d ; presentStatePC3.c ; presentStatePC3.b ; presentStatePC3.a ;
+-------------------+-------------------+-------------------+-------------------+-------------------+
; presentStatePC3.a ; 0                 ; 0                 ; 0                 ; 0                 ;
; presentStatePC3.b ; 0                 ; 0                 ; 1                 ; 1                 ;
; presentStatePC3.c ; 0                 ; 1                 ; 0                 ; 1                 ;
; presentStatePC3.d ; 1                 ; 0                 ; 0                 ; 1                 ;
+-------------------+-------------------+-------------------+-------------------+-------------------+


Encoding Type:  One-Hot
+---------------------------------------------------------------------------------------------------+
; State Machine - |lancomputadores|presentStatePC2                                                  ;
+-------------------+-------------------+-------------------+-------------------+-------------------+
; Name              ; presentStatePC2.d ; presentStatePC2.c ; presentStatePC2.b ; presentStatePC2.a ;
+-------------------+-------------------+-------------------+-------------------+-------------------+
; presentStatePC2.a ; 0                 ; 0                 ; 0                 ; 0                 ;
; presentStatePC2.b ; 0                 ; 0                 ; 1                 ; 1                 ;
; presentStatePC2.c ; 0                 ; 1                 ; 0                 ; 1                 ;
; presentStatePC2.d ; 1                 ; 0                 ; 0                 ; 1                 ;
+-------------------+-------------------+-------------------+-------------------+-------------------+


Encoding Type:  One-Hot
+------------------------------------------------------------------------------------+
; State Machine - |lancomputadores|presentState                                      ;
+----------------+----------------+----------------+----------------+----------------+
; Name           ; presentState.d ; presentState.c ; presentState.b ; presentState.a ;
+----------------+----------------+----------------+----------------+----------------+
; presentState.a ; 0              ; 0              ; 0              ; 0              ;
; presentState.b ; 0              ; 0              ; 1              ; 1              ;
; presentState.c ; 0              ; 1              ; 0              ; 1              ;
; presentState.d ; 1              ; 0              ; 0              ; 1              ;
+----------------+----------------+----------------+----------------+----------------+


+---------------------------------------------------------------------------------------------------+
; User-Specified and Inferred Latches                                                               ;
+----------------------------------------------------+---------------------+------------------------+
; Latch Name                                         ; Latch Enable Signal ; Free of Timing Hazards ;
+----------------------------------------------------+---------------------+------------------------+
; mealyOut[0]$latch                                  ; Selector23          ; yes                    ;
; mealyOut[1]$latch                                  ; Selector23          ; yes                    ;
; mealyOut[3]$latch                                  ; Selector23          ; yes                    ;
; mealyOut2[0]$latch                                 ; Selector0           ; yes                    ;
; mealyOut2[1]$latch                                 ; Selector0           ; yes                    ;
; mealyOut2[3]$latch                                 ; Selector0           ; yes                    ;
; mealyOut3[0]$latch                                 ; Selector7           ; yes                    ;
; mealyOut3[1]$latch                                 ; Selector7           ; yes                    ;
; mealyOut3[3]$latch                                 ; Selector7           ; yes                    ;
; Number of user-specified and inferred latches = 9  ;                     ;                        ;
+----------------------------------------------------+---------------------+------------------------+
Note: All latches listed above may not be present at the end of synthesis due to various synthesis optimizations.


+------------------------------------------------------+
; General Register Statistics                          ;
+----------------------------------------------+-------+
; Statistic                                    ; Value ;
+----------------------------------------------+-------+
; Total registers                              ; 12    ;
; Number of registers using Synchronous Clear  ; 0     ;
; Number of registers using Synchronous Load   ; 0     ;
; Number of registers using Asynchronous Clear ; 0     ;
; Number of registers using Asynchronous Load  ; 0     ;
; Number of registers using Clock Enable       ; 0     ;
; Number of registers using Preset             ; 0     ;
+----------------------------------------------+-------+


+-----------------------------------------------------+
; Post-Synthesis Netlist Statistics for Top Partition ;
+-----------------------+-----------------------------+
; Type                  ; Count                       ;
+-----------------------+-----------------------------+
; arriav_ff             ; 12                          ;
;     plain             ; 12                          ;
; arriav_lcell_comb     ; 31                          ;
;     normal            ; 31                          ;
;         0 data inputs ; 1                           ;
;         1 data inputs ; 3                           ;
;         2 data inputs ; 12                          ;
;         3 data inputs ; 9                           ;
;         4 data inputs ; 3                           ;
;         5 data inputs ; 3                           ;
; boundary_port         ; 22                          ;
;                       ;                             ;
; Max LUT depth         ; 2.00                        ;
; Average LUT depth     ; 1.55                        ;
+-----------------------+-----------------------------+


+-------------------------------+
; Elapsed Time Per Partition    ;
+----------------+--------------+
; Partition Name ; Elapsed Time ;
+----------------+--------------+
; Top            ; 00:00:01     ;
+----------------+--------------+


+-------------------------------+
; Analysis & Synthesis Messages ;
+-------------------------------+
Info: *******************************************************************
Info: Running Quartus II 64-Bit Analysis & Synthesis
    Info: Version 15.0.0 Build 145 04/22/2015 Patches 0.01we SJ Web Edition
    Info: Processing started: Thu Jun 04 22:12:33 2020
Info: Command: quartus_map --read_settings_files=on --write_settings_files=off LANcomputadores -c LANcomputadores
Warning (20028): Parallel compilation is not licensed and has been disabled
Info (12021): Found 2 design units, including 1 entities, in source file lancomputadores.vhd
    Info (12022): Found design unit 1: lancomputadores-arch
    Info (12023): Found entity 1: lancomputadores
Warning (12019): Can't analyze file -- file LANcomputadores_filipe.vhd is missing
Info (12127): Elaborating entity "LANcomputadores" for the top level hierarchy
Warning (10631): VHDL Process Statement warning at LANcomputadores.vhd(38): inferring latch(es) for signal or variable "mealyOut", which holds its previous value in one or more paths through the process
Warning (10631): VHDL Process Statement warning at LANcomputadores.vhd(96): inferring latch(es) for signal or variable "mealyOut2", which holds its previous value in one or more paths through the process
Warning (10631): VHDL Process Statement warning at LANcomputadores.vhd(154): inferring latch(es) for signal or variable "mealyOut3", which holds its previous value in one or more paths through the process
Info (10041): Inferred latch for "mealyOut3[0]" at LANcomputadores.vhd(154)
Info (10041): Inferred latch for "mealyOut3[1]" at LANcomputadores.vhd(154)
Info (10041): Inferred latch for "mealyOut3[2]" at LANcomputadores.vhd(154)
Info (10041): Inferred latch for "mealyOut3[3]" at LANcomputadores.vhd(154)
Info (10041): Inferred latch for "mealyOut2[0]" at LANcomputadores.vhd(96)
Info (10041): Inferred latch for "mealyOut2[1]" at LANcomputadores.vhd(96)
Info (10041): Inferred latch for "mealyOut2[2]" at LANcomputadores.vhd(96)
Info (10041): Inferred latch for "mealyOut2[3]" at LANcomputadores.vhd(96)
Info (10041): Inferred latch for "mealyOut[0]" at LANcomputadores.vhd(38)
Info (10041): Inferred latch for "mealyOut[1]" at LANcomputadores.vhd(38)
Info (10041): Inferred latch for "mealyOut[2]" at LANcomputadores.vhd(38)
Info (10041): Inferred latch for "mealyOut[3]" at LANcomputadores.vhd(38)
Warning (13012): Latch mealyOut[0]$latch has unsafe behavior
    Warning (13013): Ports D and ENA on the latch are fed by the same signal presentState.a
Warning (13012): Latch mealyOut[1]$latch has unsafe behavior
    Warning (13013): Ports D and ENA on the latch are fed by the same signal presentState.a
Warning (13012): Latch mealyOut[3]$latch has unsafe behavior
    Warning (13013): Ports D and ENA on the latch are fed by the same signal presentState.d
Warning (13012): Latch mealyOut2[0]$latch has unsafe behavior
    Warning (13013): Ports D and ENA on the latch are fed by the same signal presentStatePC2.a
Warning (13012): Latch mealyOut2[1]$latch has unsafe behavior
    Warning (13013): Ports D and ENA on the latch are fed by the same signal presentStatePC2.a
Warning (13012): Latch mealyOut2[3]$latch has unsafe behavior
    Warning (13013): Ports D and ENA on the latch are fed by the same signal presentStatePC2.d
Warning (13012): Latch mealyOut3[0]$latch has unsafe behavior
    Warning (13013): Ports D and ENA on the latch are fed by the same signal presentStatePC3.a
Warning (13012): Latch mealyOut3[1]$latch has unsafe behavior
    Warning (13013): Ports D and ENA on the latch are fed by the same signal presentStatePC3.a
Warning (13012): Latch mealyOut3[3]$latch has unsafe behavior
    Warning (13013): Ports D and ENA on the latch are fed by the same signal presentStatePC3.d
Warning (13024): Output pins are stuck at VCC or GND
    Warning (13410): Pin "outPCalert[0]" is stuck at GND
    Warning (13410): Pin "outPCalert[1]" is stuck at GND
    Warning (13410): Pin "outPCalert[2]" is stuck at GND
    Warning (13410): Pin "mealyOut[2]" is stuck at GND
    Warning (13410): Pin "mealyOut2[2]" is stuck at GND
    Warning (13410): Pin "mealyOut3[2]" is stuck at GND
Info (286030): Timing-Driven Synthesis is running
Info (16010): Generating hard_block partition "hard_block:auto_generated_inst"
    Info (16011): Adding 0 node(s), including 0 DDIO, 0 PLL, 0 transceiver and 0 LCELL
Info (21057): Implemented 49 device resources after synthesis - the final resource count might be different
    Info (21058): Implemented 4 input pins
    Info (21059): Implemented 18 output pins
    Info (21061): Implemented 27 logic cells
Info: Quartus II 64-Bit Analysis & Synthesis was successful. 0 errors, 30 warnings
    Info: Peak virtual memory: 4903 megabytes
    Info: Processing ended: Thu Jun 04 22:13:04 2020
    Info: Elapsed time: 00:00:31
    Info: Total CPU time (on all processors): 00:01:02


